# JRE version: OpenJDK Runtime Environment (8.0_202-b03) (build 1.8.0_202-release-1483-b03)
# Java VM: OpenJDK 64-Bit Server VM (25.202-b03 mixed mode windows-amd64 compressed oops)
Heap:
 PSYoungGen      total 467456K, used 143382K [0x00000000e0000000, 0x00000000ffe00000, 0x0000000100000000)
  eden space 412672K, 34% used [0x00000000e0000000,0x00000000e8c05988,0x00000000f9300000)
  from space 54784K, 0% used [0x00000000f9300000,0x00000000f9300000,0x00000000fc880000)
  to   space 53248K, 0% used [0x00000000fca00000,0x00000000fca00000,0x00000000ffe00000)
 ParOldGen       total 236544K, used 45379K [0x00000000a0000000, 0x00000000ae700000, 0x00000000e0000000)
  object space 236544K, 19% used [0x00000000a0000000,0x00000000a2c50d30,0x00000000ae700000)
 Metaspace       used 91958K, capacity 97826K, committed 98380K, reserved 1134592K
  class space    used 11829K, capacity 12817K, committed 13056K, reserved 1048576K
GC Heap History (10 events):
Event: 10607.137 GC heap before
{Heap before GC invocations=23 (full 3):
 PSYoungGen      total 460288K, used 415542K [0x00000000e0000000, 0x0000000100000000, 0x0000000100000000)
  eden space 402944K, 100% used [0x00000000e0000000,0x00000000f8980000,0x00000000f8980000)
  from space 57344K, 21% used [0x00000000f8980000,0x00000000f95cd968,0x00000000fc180000)
  to   space 56320K, 0% used [0x00000000fc900000,0x00000000fc900000,0x0000000100000000)
 ParOldGen       total 166912K, used 85616K [0x00000000a0000000, 0x00000000aa300000, 0x00000000e0000000)
  object space 166912K, 51% used [0x00000000a0000000,0x00000000a539c090,0x00000000aa300000)
 Metaspace       used 87072K, capacity 90894K, committed 91096K, reserved 1128448K
  class space    used 11223K, capacity 11998K, committed 12032K, reserved 1048576K
Event: 10607.148 GC heap after
Heap after GC invocations=23 (full 3):
 PSYoungGen      total 464896K, used 7975K [0x00000000e0000000, 0x00000000ffe00000, 0x0000000100000000)
  eden space 410624K, 0% used [0x00000000e0000000,0x00000000e0000000,0x00000000f9100000)
  from space 54272K, 14% used [0x00000000fc900000,0x00000000fd0c9ea8,0x00000000ffe00000)
  to   space 55808K, 0% used [0x00000000f9100000,0x00000000f9100000,0x00000000fc780000)
 ParOldGen       total 166912K, used 85680K [0x00000000a0000000, 0x00000000aa300000, 0x00000000e0000000)
  object space 166912K, 51% used [0x00000000a0000000,0x00000000a53ac090,0x00000000aa300000)
 Metaspace       used 87072K, capacity 90894K, committed 91096K, reserved 1128448K
  class space    used 11223K, capacity 11998K, committed 12032K, reserved 1048576K
}
Event: 10932.354 GC heap before
{Heap before GC invocations=24 (full 3):
 PSYoungGen      total 464896K, used 418599K [0x00000000e0000000, 0x00000000ffe00000, 0x0000000100000000)
  eden space 410624K, 100% used [0x00000000e0000000,0x00000000f9100000,0x00000000f9100000)
  from space 54272K, 14% used [0x00000000fc900000,0x00000000fd0c9ea8,0x00000000ffe00000)
  to   space 55808K, 0% used [0x00000000f9100000,0x00000000f9100000,0x00000000fc780000)
 ParOldGen       total 166912K, used 85680K [0x00000000a0000000, 0x00000000aa300000, 0x00000000e0000000)
  object space 166912K, 51% used [0x00000000a0000000,0x00000000a53ac090,0x00000000aa300000)
 Metaspace       used 90050K, capacity 94382K, committed 94680K, reserved 1132544K
  class space    used 11627K, capacity 12456K, committed 12544K, reserved 1048576K
Event: 10932.497 GC heap after
Heap after GC invocations=24 (full 3):
 PSYoungGen      total 466432K, used 4848K [0x00000000e0000000, 0x0000000100000000, 0x0000000100000000)
  eden space 410624K, 0% used [0x00000000e0000000,0x00000000e0000000,0x00000000f9100000)
  from space 55808K, 8% used [0x00000000f9100000,0x00000000f95bc0a0,0x00000000fc780000)
  to   space 55808K, 0% used [0x00000000fc980000,0x00000000fc980000,0x0000000100000000)
 ParOldGen       total 166912K, used 85688K [0x00000000a0000000, 0x00000000aa300000, 0x00000000e0000000)
  object space 166912K, 51% used [0x00000000a0000000,0x00000000a53ae090,0x00000000aa300000)
 Metaspace       used 90050K, capacity 94382K, committed 94680K, reserved 1132544K
  class space    used 11627K, capacity 12456K, committed 12544K, reserved 1048576K
}
Event: 11265.535 GC heap before
{Heap before GC invocations=25 (full 3):
 PSYoungGen      total 466432K, used 415472K [0x00000000e0000000, 0x0000000100000000, 0x0000000100000000)
  eden space 410624K, 100% used [0x00000000e0000000,0x00000000f9100000,0x00000000f9100000)
  from space 55808K, 8% used [0x00000000f9100000,0x00000000f95bc0a0,0x00000000fc780000)
  to   space 55808K, 0% used [0x00000000fc980000,0x00000000fc980000,0x0000000100000000)
 ParOldGen       total 166912K, used 85688K [0x00000000a0000000, 0x00000000aa300000, 0x00000000e0000000)
  object space 166912K, 51% used [0x00000000a0000000,0x00000000a53ae090,0x00000000aa300000)
 Metaspace       used 90900K, capacity 95572K, committed 95832K, reserved 1132544K
  class space    used 11688K, capacity 12567K, committed 12672K, reserved 1048576K
Event: 11265.559 GC heap after
Heap after GC invocations=25 (full 3):
 PSYoungGen      total 466432K, used 4272K [0x00000000e0000000, 0x00000000ffe00000, 0x0000000100000000)
  eden space 412672K, 0% used [0x00000000e0000000,0x00000000e0000000,0x00000000f9300000)
  from space 53760K, 7% used [0x00000000fc980000,0x00000000fcdac010,0x00000000ffe00000)
  to   space 54784K, 0% used [0x00000000f9300000,0x00000000f9300000,0x00000000fc880000)
 ParOldGen       total 166912K, used 85696K [0x00000000a0000000, 0x00000000aa300000, 0x00000000e0000000)
  object space 166912K, 51% used [0x00000000a0000000,0x00000000a53b0090,0x00000000aa300000)
 Metaspace       used 90900K, capacity 95572K, committed 95832K, reserved 1132544K
  class space    used 11688K, capacity 12567K, committed 12672K, reserved 1048576K
}
Event: 11344.756 GC heap before
{Heap before GC invocations=26 (full 3):
 PSYoungGen      total 466432K, used 273774K [0x00000000e0000000, 0x00000000ffe00000, 0x0000000100000000)
  eden space 412672K, 65% used [0x00000000e0000000,0x00000000f072fa68,0x00000000f9300000)
  from space 53760K, 7% used [0x00000000fc980000,0x00000000fcdac010,0x00000000ffe00000)
  to   space 54784K, 0% used [0x00000000f9300000,0x00000000f9300000,0x00000000fc880000)
 ParOldGen       total 166912K, used 85696K [0x00000000a0000000, 0x00000000aa300000, 0x00000000e0000000)
  object space 166912K, 51% used [0x00000000a0000000,0x00000000a53b0090,0x00000000aa300000)
 Metaspace       used 92118K, capacity 98288K, committed 98380K, reserved 1134592K
  class space    used 11905K, capacity 12967K, committed 13056K, reserved 1048576K
Event: 11344.778 GC heap after
Heap after GC invocations=26 (full 3):
 PSYoungGen      total 467456K, used 8048K [0x00000000e0000000, 0x00000000ffe00000, 0x0000000100000000)
  eden space 412672K, 0% used [0x00000000e0000000,0x00000000e0000000,0x00000000f9300000)
  from space 54784K, 14% used [0x00000000f9300000,0x00000000f9adc030,0x00000000fc880000)
  to   space 53248K, 0% used [0x00000000fca00000,0x00000000fca00000,0x00000000ffe00000)
 ParOldGen       total 166912K, used 85704K [0x00000000a0000000, 0x00000000aa300000, 0x00000000e0000000)
  object space 166912K, 51% used [0x00000000a0000000,0x00000000a53b2090,0x00000000aa300000)
 Metaspace       used 92118K, capacity 98288K, committed 98380K, reserved 1134592K
  class space    used 11905K, capacity 12967K, committed 13056K, reserved 1048576K
}
Event: 11344.778 GC heap before
{Heap before GC invocations=27 (full 4):
 PSYoungGen      total 467456K, used 8048K [0x00000000e0000000, 0x00000000ffe00000, 0x0000000100000000)
  eden space 412672K, 0% used [0x00000000e0000000,0x00000000e0000000,0x00000000f9300000)
  from space 54784K, 14% used [0x00000000f9300000,0x00000000f9adc030,0x00000000fc880000)
  to   space 53248K, 0% used [0x00000000fca00000,0x00000000fca00000,0x00000000ffe00000)
 ParOldGen       total 166912K, used 85704K [0x00000000a0000000, 0x00000000aa300000, 0x00000000e0000000)
  object space 166912K, 51% used [0x00000000a0000000,0x00000000a53b2090,0x00000000aa300000)
 Metaspace       used 92118K, capacity 98288K, committed 98380K, reserved 1134592K
  class space    used 11905K, capacity 12967K, committed 13056K, reserved 1048576K
Event: 11345.226 GC heap after
Heap after GC invocations=27 (full 4):
 PSYoungGen      total 467456K, used 0K [0x00000000e0000000, 0x00000000ffe00000, 0x0000000100000000)
  eden space 412672K, 0% used [0x00000000e0000000,0x00000000e0000000,0x00000000f9300000)
  from space 54784K, 0% used [0x00000000f9300000,0x00000000f9300000,0x00000000fc880000)
  to   space 53248K, 0% used [0x00000000fca00000,0x00000000fca00000,0x00000000ffe00000)
 ParOldGen       total 236544K, used 45379K [0x00000000a0000000, 0x00000000ae700000, 0x00000000e0000000)
  object space 236544K, 19% used [0x00000000a0000000,0x00000000a2c50d30,0x00000000ae700000)
 Metaspace       used 91779K, capacity 97412K, committed 98380K, reserved 1134592K
  class space    used 11798K, capacity 12760K, committed 13056K, reserved 1048576K
}

